[2024-07-19 19:17:08,015: INFO: common: yaml file: config\config.yaml loaded successfully]
[2024-07-19 19:17:08,025: INFO: common: yaml file: params.yaml loaded successfully]
[2024-07-19 19:17:08,026: INFO: common: created directory at: artifacts]
[2024-07-19 19:17:08,027: INFO: common: created directory at: artifacts/data_ingestion]
[2024-07-19 19:17:10,406: INFO: 1434958058: artifacts/data_ingestion/data.zip download! with following info: 
Connection: close
Content-Length: 7903594
Cache-Control: max-age=300
Content-Security-Policy: default-src 'none'; style-src 'unsafe-inline'; sandbox
Content-Type: application/zip
ETag: "dbc016a060da18070593b83afff580c9b300f0b6ea4147a7988433e04df246ca"
Strict-Transport-Security: max-age=31536000
X-Content-Type-Options: nosniff
X-Frame-Options: deny
X-XSS-Protection: 1; mode=block
X-GitHub-Request-Id: B08B:1EC6BE:3E241C:4F1891:669A6DC4
Accept-Ranges: bytes
Date: Fri, 19 Jul 2024 13:47:11 GMT
Via: 1.1 varnish
X-Served-By: cache-bom4725-BOM
X-Cache: HIT
X-Cache-Hits: 0
X-Timer: S1721396832.912745,VS0,VE1
Vary: Authorization,Accept-Encoding,Origin
Access-Control-Allow-Origin: *
Cross-Origin-Resource-Policy: cross-origin
X-Fastly-Request-ID: 628a89a63eb972474c053b52948835b48b94a8d6
Expires: Fri, 19 Jul 2024 13:52:11 GMT
Source-Age: 154

]
[2024-07-20 10:19:52,584: INFO: common: yaml file: config\config.yaml loaded successfully]
[2024-07-20 10:19:52,598: INFO: common: yaml file: params.yaml loaded successfully]
[2024-07-20 10:19:52,600: INFO: common: created directory at: artifacts]
[2024-07-20 10:19:52,601: INFO: common: created directory at: artifacts/data_ingestion]
[2024-07-20 10:19:52,602: INFO: 1434958058: File already exists of size: ~ 7718 KB]
[2024-07-20 10:20:27,730: INFO: common: yaml file: config\config.yaml loaded successfully]
[2024-07-20 10:20:27,737: INFO: common: yaml file: params.yaml loaded successfully]
[2024-07-20 10:20:27,739: INFO: common: created directory at: artifacts]
[2024-07-20 10:20:27,741: INFO: common: created directory at: artifacts/data_validation]
[2024-07-20 17:00:58,097: INFO: config: PyTorch version 2.3.1+cu118 available.]
[2024-07-20 17:01:10,883: INFO: common: yaml file: config\config.yaml loaded successfully]
[2024-07-20 17:01:10,886: INFO: common: yaml file: params.yaml loaded successfully]
[2024-07-20 17:01:10,887: INFO: common: created directory at: artifacts]
[2024-07-20 17:01:10,889: INFO: common: created directory at: artifacts/data_transformation]
[2024-07-20 17:02:08,165: INFO: config: PyTorch version 2.3.1+cu118 available.]
[2024-07-20 17:02:14,821: INFO: common: yaml file: config\config.yaml loaded successfully]
[2024-07-20 17:02:14,826: INFO: common: yaml file: params.yaml loaded successfully]
[2024-07-20 17:02:14,828: INFO: common: created directory at: artifacts]
[2024-07-20 17:02:14,830: INFO: common: created directory at: artifacts/model_trainer]
[2024-07-20 17:02:50,147: INFO: common: yaml file: config\config.yaml loaded successfully]
[2024-07-20 17:02:50,155: INFO: common: yaml file: params.yaml loaded successfully]
[2024-07-20 17:02:50,159: INFO: common: created directory at: artifacts]
[2024-07-20 17:02:50,161: INFO: common: created directory at: artifacts/model_trainer]
[2024-07-20 17:04:31,293: INFO: common: yaml file: config\config.yaml loaded successfully]
[2024-07-20 17:04:31,309: INFO: common: yaml file: params.yaml loaded successfully]
[2024-07-20 17:04:31,315: INFO: common: created directory at: artifacts]
[2024-07-20 17:04:31,317: INFO: common: created directory at: artifacts/model_trainer]
